<?xml version="1.0" encoding="UTF-8"?>
<coverage generated="1592332876">
  <project timestamp="1592332876">
    <package name="AppleMusic">
      <file name="/Users/andy/Sites/GitHub/Apple-Music-API/src/ApiTokenGenerator.php">
        <class name="AppleMusic\ApiTokenGenerator" namespace="AppleMusic">
          <metrics complexity="3" methods="2" coveredmethods="0" conditionals="0" coveredconditionals="0" statements="13" coveredstatements="0" elements="15" coveredelements="0"/>
        </class>
        <line num="21" type="method" name="__construct" visibility="public" complexity="2" crap="6.00" count="0"/>
        <line num="23" type="stmt" count="0"/>
        <line num="24" type="stmt" count="0"/>
        <line num="25" type="stmt" count="0"/>
        <line num="27" type="method" name="generateDeveloperToken" visibility="public" complexity="1" crap="2.00" count="0"/>
        <line num="29" type="stmt" count="0"/>
        <line num="30" type="stmt" count="0"/>
        <line num="31" type="stmt" count="0"/>
        <line num="32" type="stmt" count="0"/>
        <line num="33" type="stmt" count="0"/>
        <line num="34" type="stmt" count="0"/>
        <line num="35" type="stmt" count="0"/>
        <line num="36" type="stmt" count="0"/>
        <line num="37" type="stmt" count="0"/>
        <line num="40" type="stmt" count="0"/>
        <metrics loc="42" ncloc="39" classes="1" methods="2" coveredmethods="0" conditionals="0" coveredconditionals="0" statements="13" coveredstatements="0" elements="15" coveredelements="0"/>
      </file>
      <file name="/Users/andy/Sites/GitHub/Apple-Music-API/src/HttpClient.php">
        <class name="AppleMusic\HttpClient" namespace="AppleMusic">
          <metrics complexity="7" methods="4" coveredmethods="0" conditionals="0" coveredconditionals="0" statements="18" coveredstatements="0" elements="22" coveredelements="0"/>
        </class>
        <line num="18" type="method" name="__construct" visibility="public" complexity="1" crap="2.00" count="0"/>
        <line num="23" type="stmt" count="0"/>
        <line num="24" type="stmt" count="0"/>
        <line num="25" type="stmt" count="0"/>
        <line num="26" type="stmt" count="0"/>
        <line num="31" type="method" name="get" visibility="public" complexity="1" crap="2.00" count="0"/>
        <line num="33" type="stmt" count="0"/>
        <line num="34" type="stmt" count="0"/>
        <line num="37" type="stmt" count="0"/>
        <line num="47" type="method" name="getNextUrl" visibility="public" complexity="4" crap="20.00" count="0"/>
        <line num="49" type="stmt" count="0"/>
        <line num="50" type="stmt" count="0"/>
        <line num="53" type="stmt" count="0"/>
        <line num="55" type="stmt" count="0"/>
        <line num="56" type="stmt" count="0"/>
        <line num="57" type="stmt" count="0"/>
        <line num="58" type="stmt" count="0"/>
        <line num="61" type="stmt" count="0"/>
        <line num="67" type="method" name="getHeaders" visibility="private" complexity="1" crap="2.00" count="0"/>
        <line num="70" type="stmt" count="0"/>
        <line num="71" type="stmt" count="0"/>
        <line num="72" type="stmt" count="0"/>
        <metrics loc="75" ncloc="62" classes="1" methods="4" coveredmethods="0" conditionals="0" coveredconditionals="0" statements="18" coveredstatements="0" elements="22" coveredelements="0"/>
      </file>
      <file name="/Users/andy/Sites/GitHub/Apple-Music-API/src/ServiceManager.php">
        <class name="AppleMusic\ServiceManager" namespace="AppleMusic">
          <metrics complexity="14" methods="14" coveredmethods="0" conditionals="0" coveredconditionals="0" statements="18" coveredstatements="0" elements="32" coveredelements="0"/>
        </class>
        <line num="13" type="method" name="__construct" visibility="public" complexity="1" crap="2.00" count="0"/>
        <line num="17" type="stmt" count="0"/>
        <line num="18" type="stmt" count="0"/>
        <line num="19" type="stmt" count="0"/>
        <line num="26" type="method" name="getArtist" visibility="public" complexity="1" crap="2.00" count="0"/>
        <line num="28" type="stmt" count="0"/>
        <line num="36" type="method" name="getArtistFromCatalog" visibility="public" complexity="1" crap="2.00" count="0"/>
        <line num="38" type="stmt" count="0"/>
        <line num="44" type="method" name="getArtists" visibility="public" complexity="1" crap="2.00" count="0"/>
        <line num="46" type="stmt" count="0"/>
        <line num="54" type="method" name="searchArtist" visibility="public" complexity="1" crap="2.00" count="0"/>
        <line num="56" type="stmt" count="0"/>
        <line num="64" type="method" name="searchArtistInCatalog" visibility="public" complexity="1" crap="2.00" count="0"/>
        <line num="66" type="stmt" count="0"/>
        <line num="74" type="method" name="getAlbumsByArtist" visibility="public" complexity="1" crap="2.00" count="0"/>
        <line num="76" type="stmt" count="0"/>
        <line num="84" type="method" name="getAlbumsByArtistFromCatalog" visibility="public" complexity="1" crap="2.00" count="0"/>
        <line num="86" type="stmt" count="0"/>
        <line num="94" type="method" name="searchAlbum" visibility="public" complexity="1" crap="2.00" count="0"/>
        <line num="96" type="stmt" count="0"/>
        <line num="104" type="method" name="searchAlbumInCatalog" visibility="public" complexity="1" crap="2.00" count="0"/>
        <line num="106" type="stmt" count="0"/>
        <line num="114" type="method" name="getAlbum" visibility="public" complexity="1" crap="2.00" count="0"/>
        <line num="116" type="stmt" count="0"/>
        <line num="124" type="method" name="getAlbumFromCatalog" visibility="public" complexity="1" crap="2.00" count="0"/>
        <line num="126" type="stmt" count="0"/>
        <line num="134" type="method" name="getTrackOnAlbumByAlbumId" visibility="public" complexity="1" crap="2.00" count="0"/>
        <line num="136" type="stmt" count="0"/>
        <line num="138" type="stmt" count="0"/>
        <line num="146" type="method" name="getTrackOnAlbumByAlbumIdInCatalog" visibility="public" complexity="1" crap="2.00" count="0"/>
        <line num="148" type="stmt" count="0"/>
        <line num="150" type="stmt" count="0"/>
        <metrics loc="152" ncloc="89" classes="1" methods="14" coveredmethods="0" conditionals="0" coveredconditionals="0" statements="18" coveredstatements="0" elements="32" coveredelements="0"/>
      </file>
    </package>
    <package name="AppleMusic\Exception">
      <file name="/Users/andy/Sites/GitHub/Apple-Music-API/src/Exception/BadRequestException.php">
        <class name="AppleMusic\Exception\BadRequestException" namespace="AppleMusic\Exception">
          <metrics complexity="0" methods="0" coveredmethods="0" conditionals="0" coveredconditionals="0" statements="0" coveredstatements="0" elements="0" coveredelements="0"/>
        </class>
        <metrics loc="9" ncloc="9" classes="0" methods="0" coveredmethods="0" conditionals="0" coveredconditionals="0" statements="0" coveredstatements="0" elements="0" coveredelements="0"/>
      </file>
      <file name="/Users/andy/Sites/GitHub/Apple-Music-API/src/Exception/NotFoundException.php">
        <class name="AppleMusic\Exception\NotFoundException" namespace="AppleMusic\Exception">
          <metrics complexity="0" methods="0" coveredmethods="0" conditionals="0" coveredconditionals="0" statements="0" coveredstatements="0" elements="0" coveredelements="0"/>
        </class>
        <metrics loc="9" ncloc="9" classes="0" methods="0" coveredmethods="0" conditionals="0" coveredconditionals="0" statements="0" coveredstatements="0" elements="0" coveredelements="0"/>
      </file>
    </package>
    <package name="AppleMusic\Hydrator">
      <file name="/Users/andy/Sites/GitHub/Apple-Music-API/src/Hydrator/AlbumHydrator.php">
        <class name="AppleMusic\Hydrator\AlbumHydrator" namespace="AppleMusic\Hydrator">
          <metrics complexity="3" methods="2" coveredmethods="0" conditionals="0" coveredconditionals="0" statements="12" coveredstatements="0" elements="14" coveredelements="0"/>
        </class>
        <line num="16" type="method" name="__construct" visibility="public" complexity="1" crap="2.00" count="0"/>
        <line num="20" type="stmt" count="0"/>
        <line num="21" type="stmt" count="0"/>
        <line num="22" type="stmt" count="0"/>
        <line num="24" type="method" name="hydrate" visibility="public" complexity="2" crap="6.00" count="0"/>
        <line num="27" type="stmt" count="0"/>
        <line num="28" type="stmt" count="0"/>
        <line num="29" type="stmt" count="0"/>
        <line num="30" type="stmt" count="0"/>
        <line num="31" type="stmt" count="0"/>
        <line num="33" type="stmt" count="0"/>
        <line num="34" type="stmt" count="0"/>
        <line num="35" type="stmt" count="0"/>
        <line num="55" type="stmt" count="0"/>
        <metrics loc="56" ncloc="24" classes="1" methods="2" coveredmethods="0" conditionals="0" coveredconditionals="0" statements="12" coveredstatements="0" elements="14" coveredelements="0"/>
      </file>
      <file name="/Users/andy/Sites/GitHub/Apple-Music-API/src/Hydrator/ArtistHydrator.php">
        <class name="AppleMusic\Hydrator\ArtistHydrator" namespace="AppleMusic\Hydrator">
          <metrics complexity="1" methods="1" coveredmethods="0" conditionals="0" coveredconditionals="0" statements="3" coveredstatements="0" elements="4" coveredelements="0"/>
        </class>
        <line num="9" type="method" name="hydrate" visibility="public" complexity="1" crap="2.00" count="0"/>
        <line num="12" type="stmt" count="0"/>
        <line num="13" type="stmt" count="0"/>
        <line num="14" type="stmt" count="0"/>
        <metrics loc="15" ncloc="15" classes="1" methods="1" coveredmethods="0" conditionals="0" coveredconditionals="0" statements="3" coveredstatements="0" elements="4" coveredelements="0"/>
      </file>
      <file name="/Users/andy/Sites/GitHub/Apple-Music-API/src/Hydrator/ArtworkHydrator.php">
        <class name="AppleMusic\Hydrator\ArtworkHydrator" namespace="AppleMusic\Hydrator">
          <metrics complexity="6" methods="1" coveredmethods="0" conditionals="0" coveredconditionals="0" statements="14" coveredstatements="0" elements="15" coveredelements="0"/>
        </class>
        <line num="13" type="method" name="hydrate" visibility="public" complexity="6" crap="42.00" count="0"/>
        <line num="16" type="stmt" count="0"/>
        <line num="17" type="stmt" count="0"/>
        <line num="18" type="stmt" count="0"/>
        <line num="20" type="stmt" count="0"/>
        <line num="21" type="stmt" count="0"/>
        <line num="23" type="stmt" count="0"/>
        <line num="24" type="stmt" count="0"/>
        <line num="26" type="stmt" count="0"/>
        <line num="27" type="stmt" count="0"/>
        <line num="29" type="stmt" count="0"/>
        <line num="30" type="stmt" count="0"/>
        <line num="32" type="stmt" count="0"/>
        <line num="33" type="stmt" count="0"/>
        <line num="35" type="stmt" count="0"/>
        <metrics loc="36" ncloc="32" classes="1" methods="1" coveredmethods="0" conditionals="0" coveredconditionals="0" statements="14" coveredstatements="0" elements="15" coveredelements="0"/>
      </file>
      <file name="/Users/andy/Sites/GitHub/Apple-Music-API/src/Hydrator/TrackHydrator.php">
        <class name="AppleMusic\Hydrator\TrackHydrator" namespace="AppleMusic\Hydrator">
          <metrics complexity="2" methods="1" coveredmethods="0" conditionals="0" coveredconditionals="0" statements="11" coveredstatements="0" elements="12" coveredelements="0"/>
        </class>
        <line num="10" type="method" name="hydrate" visibility="public" complexity="2" crap="6.00" count="0"/>
        <line num="13" type="stmt" count="0"/>
        <line num="14" type="stmt" count="0"/>
        <line num="15" type="stmt" count="0"/>
        <line num="16" type="stmt" count="0"/>
        <line num="17" type="stmt" count="0"/>
        <line num="18" type="stmt" count="0"/>
        <line num="19" type="stmt" count="0"/>
        <line num="21" type="stmt" count="0"/>
        <line num="22" type="stmt" count="0"/>
        <line num="23" type="stmt" count="0"/>
        <line num="26" type="stmt" count="0"/>
        <metrics loc="27" ncloc="27" classes="1" methods="1" coveredmethods="0" conditionals="0" coveredconditionals="0" statements="11" coveredstatements="0" elements="12" coveredelements="0"/>
      </file>
    </package>
    <file name="/Users/andy/Sites/GitHub/Apple-Music-API/src/Hydrator/HydratorInterface.php">
      <metrics loc="15" ncloc="11" classes="0" methods="0" coveredmethods="0" conditionals="0" coveredconditionals="0" statements="0" coveredstatements="0" elements="0" coveredelements="0"/>
    </file>
    <package name="AppleMusic\Manager">
      <file name="/Users/andy/Sites/GitHub/Apple-Music-API/src/Manager/AbstractManager.php">
        <class name="AppleMusic\Manager\AbstractManager" namespace="AppleMusic\Manager">
          <metrics complexity="1" methods="1" coveredmethods="0" conditionals="0" coveredconditionals="0" statements="3" coveredstatements="0" elements="4" coveredelements="0"/>
        </class>
        <line num="17" type="method" name="__construct" visibility="public" complexity="1" crap="2.00" count="0"/>
        <line num="19" type="stmt" count="0"/>
        <line num="20" type="stmt" count="0"/>
        <line num="21" type="stmt" count="0"/>
        <metrics loc="22" ncloc="18" classes="1" methods="1" coveredmethods="0" conditionals="0" coveredconditionals="0" statements="3" coveredstatements="0" elements="4" coveredelements="0"/>
      </file>
      <file name="/Users/andy/Sites/GitHub/Apple-Music-API/src/Manager/AlbumManager.php">
        <class name="AppleMusic\Manager\AlbumManager" namespace="AppleMusic\Manager">
          <metrics complexity="8" methods="8" coveredmethods="0" conditionals="0" coveredconditionals="0" statements="12" coveredstatements="0" elements="20" coveredelements="0"/>
        </class>
        <line num="22" type="method" name="getACatalogAlbum" visibility="public" complexity="1" crap="2.00" count="0"/>
        <line num="28" type="stmt" count="0"/>
        <line num="29" type="stmt" count="0"/>
        <line num="32" type="stmt" count="0"/>
        <line num="33" type="stmt" count="0"/>
        <line num="34" type="stmt" count="0"/>
        <line num="46" type="method" name="getACatalogAlbumsRelationshipDirectlyByName" visibility="public" complexity="1" crap="2.00" count="0"/>
        <line num="54" type="stmt" count="0"/>
        <line num="64" type="method" name="getMultipleCatalogAlbums" visibility="public" complexity="1" crap="2.00" count="0"/>
        <line num="71" type="stmt" count="0"/>
        <line num="80" type="method" name="getALibraryAlbum" visibility="public" complexity="1" crap="2.00" count="0"/>
        <line num="86" type="stmt" count="0"/>
        <line num="96" type="method" name="getALibraryAlbumsRelationshipDirectlyByName" visibility="public" complexity="1" crap="2.00" count="0"/>
        <line num="103" type="stmt" count="0"/>
        <line num="112" type="method" name="getMultipleLibraryAlbums" visibility="public" complexity="1" crap="2.00" count="0"/>
        <line num="118" type="stmt" count="0"/>
        <line num="128" type="method" name="getAllLibraryAlbums" visibility="public" complexity="1" crap="2.00" count="0"/>
        <line num="135" type="stmt" count="0"/>
        <line num="142" type="method" name="addAResourceToALibrary" visibility="public" complexity="1" crap="2.00" count="0"/>
        <line num="146" type="stmt" count="0"/>
        <metrics loc="148" ncloc="78" classes="1" methods="8" coveredmethods="0" conditionals="0" coveredconditionals="0" statements="12" coveredstatements="0" elements="20" coveredelements="0"/>
      </file>
    </package>
    <file name="/Users/andy/Sites/GitHub/Apple-Music-API/src/Manager/ActivityManager.php">
      <metrics loc="0" ncloc="0" classes="0" methods="0" coveredmethods="0" conditionals="0" coveredconditionals="0" statements="0" coveredstatements="0" elements="0" coveredelements="0"/>
    </file>
    <file name="/Users/andy/Sites/GitHub/Apple-Music-API/src/Manager/ArtistManager.php">
      <metrics loc="0" ncloc="0" classes="0" methods="0" coveredmethods="0" conditionals="0" coveredconditionals="0" statements="0" coveredstatements="0" elements="0" coveredelements="0"/>
    </file>
    <file name="/Users/andy/Sites/GitHub/Apple-Music-API/src/Manager/ChartManager.php">
      <metrics loc="0" ncloc="0" classes="0" methods="0" coveredmethods="0" conditionals="0" coveredconditionals="0" statements="0" coveredstatements="0" elements="0" coveredelements="0"/>
    </file>
    <file name="/Users/andy/Sites/GitHub/Apple-Music-API/src/Manager/CuratorManager.php">
      <metrics loc="0" ncloc="0" classes="0" methods="0" coveredmethods="0" conditionals="0" coveredconditionals="0" statements="0" coveredstatements="0" elements="0" coveredelements="0"/>
    </file>
    <file name="/Users/andy/Sites/GitHub/Apple-Music-API/src/Manager/GenreManager.php">
      <metrics loc="0" ncloc="0" classes="0" methods="0" coveredmethods="0" conditionals="0" coveredconditionals="0" statements="0" coveredstatements="0" elements="0" coveredelements="0"/>
    </file>
    <file name="/Users/andy/Sites/GitHub/Apple-Music-API/src/Manager/HistoryManager.php">
      <metrics loc="0" ncloc="0" classes="0" methods="0" coveredmethods="0" conditionals="0" coveredconditionals="0" statements="0" coveredstatements="0" elements="0" coveredelements="0"/>
    </file>
    <file name="/Users/andy/Sites/GitHub/Apple-Music-API/src/Manager/PlaylistManager.php">
      <metrics loc="0" ncloc="0" classes="0" methods="0" coveredmethods="0" conditionals="0" coveredconditionals="0" statements="0" coveredstatements="0" elements="0" coveredelements="0"/>
    </file>
    <file name="/Users/andy/Sites/GitHub/Apple-Music-API/src/Manager/RatingManager.php">
      <metrics loc="0" ncloc="0" classes="0" methods="0" coveredmethods="0" conditionals="0" coveredconditionals="0" statements="0" coveredstatements="0" elements="0" coveredelements="0"/>
    </file>
    <file name="/Users/andy/Sites/GitHub/Apple-Music-API/src/Manager/RecommendationManager.php">
      <metrics loc="0" ncloc="0" classes="0" methods="0" coveredmethods="0" conditionals="0" coveredconditionals="0" statements="0" coveredstatements="0" elements="0" coveredelements="0"/>
    </file>
    <file name="/Users/andy/Sites/GitHub/Apple-Music-API/src/Manager/SearchManager.php">
      <metrics loc="0" ncloc="0" classes="0" methods="0" coveredmethods="0" conditionals="0" coveredconditionals="0" statements="0" coveredstatements="0" elements="0" coveredelements="0"/>
    </file>
    <file name="/Users/andy/Sites/GitHub/Apple-Music-API/src/Manager/SongManager.php">
      <metrics loc="0" ncloc="0" classes="0" methods="0" coveredmethods="0" conditionals="0" coveredconditionals="0" statements="0" coveredstatements="0" elements="0" coveredelements="0"/>
    </file>
    <file name="/Users/andy/Sites/GitHub/Apple-Music-API/src/Manager/StationManager.php">
      <metrics loc="0" ncloc="0" classes="0" methods="0" coveredmethods="0" conditionals="0" coveredconditionals="0" statements="0" coveredstatements="0" elements="0" coveredelements="0"/>
    </file>
    <file name="/Users/andy/Sites/GitHub/Apple-Music-API/src/Manager/VideoManager.php">
      <metrics loc="0" ncloc="0" classes="0" methods="0" coveredmethods="0" conditionals="0" coveredconditionals="0" statements="0" coveredstatements="0" elements="0" coveredelements="0"/>
    </file>
    <package name="AppleMusic\Model">
      <file name="/Users/andy/Sites/GitHub/Apple-Music-API/src/Model/Activity.php">
        <class name="AppleMusic\Model\Activity" namespace="AppleMusic\Model" fullPackage="AppleMusic" package="AppleMusic">
          <metrics complexity="13" methods="9" coveredmethods="9" conditionals="0" coveredconditionals="0" statements="21" coveredstatements="21" elements="30" coveredelements="30"/>
        </class>
        <line num="20" type="method" name="__construct" visibility="public" complexity="1" crap="1" count="6"/>
        <line num="23" type="stmt" count="6"/>
        <line num="24" type="stmt" count="6"/>
        <line num="25" type="stmt" count="6"/>
        <line num="26" type="stmt" count="6"/>
        <line num="27" type="stmt" count="6"/>
        <line num="28" type="stmt" count="6"/>
        <line num="29" type="stmt" count="6"/>
        <line num="30" type="stmt" count="6"/>
        <line num="31" type="stmt" count="6"/>
        <line num="36" type="method" name="getArtwork" visibility="public" complexity="2" crap="2" count="2"/>
        <line num="38" type="stmt" count="2"/>
        <line num="44" type="method" name="setArtwork" visibility="public" complexity="2" crap="2" count="6"/>
        <line num="46" type="stmt" count="6"/>
        <line num="48" type="stmt" count="6"/>
        <line num="54" type="method" name="getEditorialNotes" visibility="public" complexity="2" crap="2" count="2"/>
        <line num="56" type="stmt" count="2"/>
        <line num="62" type="method" name="setEditorialNotes" visibility="public" complexity="2" crap="2" count="6"/>
        <line num="64" type="stmt" count="6"/>
        <line num="66" type="stmt" count="6"/>
        <line num="69" type="method" name="getName" visibility="public" complexity="1" crap="1" count="2"/>
        <line num="71" type="stmt" count="2"/>
        <line num="74" type="method" name="setName" visibility="public" complexity="1" crap="1" count="6"/>
        <line num="76" type="stmt" count="6"/>
        <line num="78" type="stmt" count="6"/>
        <line num="81" type="method" name="getUrl" visibility="public" complexity="1" crap="1" count="2"/>
        <line num="83" type="stmt" count="2"/>
        <line num="86" type="method" name="setUrl" visibility="public" complexity="1" crap="1" count="6"/>
        <line num="88" type="stmt" count="6"/>
        <line num="90" type="stmt" count="6"/>
        <metrics loc="92" ncloc="76" classes="1" methods="9" coveredmethods="9" conditionals="0" coveredconditionals="0" statements="21" coveredstatements="21" elements="30" coveredelements="30"/>
      </file>
      <file name="/Users/andy/Sites/GitHub/Apple-Music-API/src/Model/ActivityResponse.php">
        <class name="AppleMusic\Model\ActivityResponse" namespace="AppleMusic\Model" fullPackage="AppleMusic" package="AppleMusic">
          <metrics complexity="0" methods="0" coveredmethods="0" conditionals="0" coveredconditionals="0" statements="0" coveredstatements="0" elements="0" coveredelements="0"/>
        </class>
        <metrics loc="13" ncloc="9" classes="0" methods="0" coveredmethods="0" conditionals="0" coveredconditionals="0" statements="0" coveredstatements="0" elements="0" coveredelements="0"/>
      </file>
      <file name="/Users/andy/Sites/GitHub/Apple-Music-API/src/Model/Album.php">
        <class name="AppleMusic\Model\Album" namespace="AppleMusic\Model" fullPackage="AppleMusic" package="AppleMusic">
          <metrics complexity="27" methods="23" coveredmethods="23" conditionals="0" coveredconditionals="0" statements="55" coveredstatements="55" elements="78" coveredelements="78"/>
        </class>
        <line num="30" type="method" name="__construct" visibility="public" complexity="1" crap="1" count="23"/>
        <line num="33" type="stmt" count="23"/>
        <line num="34" type="stmt" count="23"/>
        <line num="35" type="stmt" count="23"/>
        <line num="36" type="stmt" count="23"/>
        <line num="37" type="stmt" count="23"/>
        <line num="38" type="stmt" count="23"/>
        <line num="39" type="stmt" count="23"/>
        <line num="40" type="stmt" count="23"/>
        <line num="41" type="stmt" count="23"/>
        <line num="42" type="stmt" count="23"/>
        <line num="43" type="stmt" count="23"/>
        <line num="44" type="stmt" count="23"/>
        <line num="45" type="stmt" count="23"/>
        <line num="46" type="stmt" count="23"/>
        <line num="47" type="stmt" count="23"/>
        <line num="48" type="stmt" count="23"/>
        <line num="49" type="stmt" count="23"/>
        <line num="50" type="stmt" count="23"/>
        <line num="51" type="stmt" count="23"/>
        <line num="52" type="stmt" count="23"/>
        <line num="53" type="stmt" count="23"/>
        <line num="54" type="stmt" count="23"/>
        <line num="56" type="method" name="getAlbumName" visibility="public" complexity="1" crap="1" count="2"/>
        <line num="58" type="stmt" count="2"/>
        <line num="61" type="method" name="setAlbumName" visibility="public" complexity="1" crap="1" count="23"/>
        <line num="63" type="stmt" count="23"/>
        <line num="65" type="stmt" count="23"/>
        <line num="71" type="method" name="getCopyright" visibility="public" complexity="1" crap="1" count="2"/>
        <line num="73" type="stmt" count="2"/>
        <line num="76" type="method" name="setCopyright" visibility="public" complexity="1" crap="1" count="23"/>
        <line num="78" type="stmt" count="23"/>
        <line num="80" type="stmt" count="23"/>
        <line num="83" type="method" name="getEditorialNotes" visibility="public" complexity="2" crap="2" count="2"/>
        <line num="85" type="stmt" count="2"/>
        <line num="91" type="method" name="setEditorialNotes" visibility="public" complexity="2" crap="2" count="23"/>
        <line num="93" type="stmt" count="23"/>
        <line num="95" type="stmt" count="23"/>
        <line num="98" type="method" name="getGenreNames" visibility="public" complexity="1" crap="1" count="2"/>
        <line num="100" type="stmt" count="2"/>
        <line num="103" type="method" name="setGenreNames" visibility="public" complexity="1" crap="1" count="23"/>
        <line num="105" type="stmt" count="23"/>
        <line num="107" type="stmt" count="23"/>
        <line num="110" type="method" name="getIsComplete" visibility="public" complexity="1" crap="1" count="2"/>
        <line num="112" type="stmt" count="2"/>
        <line num="115" type="method" name="setIsComplete" visibility="public" complexity="1" crap="1" count="23"/>
        <line num="117" type="stmt" count="23"/>
        <line num="119" type="stmt" count="23"/>
        <line num="122" type="method" name="getIsSingle" visibility="public" complexity="1" crap="1" count="2"/>
        <line num="124" type="stmt" count="2"/>
        <line num="127" type="method" name="setIsSingle" visibility="public" complexity="1" crap="1" count="23"/>
        <line num="129" type="stmt" count="23"/>
        <line num="131" type="stmt" count="23"/>
        <line num="134" type="method" name="getName" visibility="public" complexity="1" crap="1" count="2"/>
        <line num="136" type="stmt" count="2"/>
        <line num="139" type="method" name="setName" visibility="public" complexity="1" crap="1" count="23"/>
        <line num="141" type="stmt" count="23"/>
        <line num="143" type="stmt" count="23"/>
        <line num="146" type="method" name="getRecordLabel" visibility="public" complexity="1" crap="1" count="2"/>
        <line num="148" type="stmt" count="2"/>
        <line num="151" type="method" name="setRecordLabel" visibility="public" complexity="1" crap="1" count="23"/>
        <line num="153" type="stmt" count="23"/>
        <line num="155" type="stmt" count="23"/>
        <line num="158" type="method" name="getReleaseDate" visibility="public" complexity="2" crap="2" count="2"/>
        <line num="160" type="stmt" count="2"/>
        <line num="166" type="method" name="setReleaseDate" visibility="public" complexity="2" crap="2" count="23"/>
        <line num="168" type="stmt" count="23"/>
        <line num="170" type="stmt" count="23"/>
        <line num="173" type="method" name="getUrl" visibility="public" complexity="1" crap="1" count="2"/>
        <line num="175" type="stmt" count="2"/>
        <line num="178" type="method" name="setUrl" visibility="public" complexity="1" crap="1" count="23"/>
        <line num="180" type="stmt" count="23"/>
        <line num="182" type="stmt" count="23"/>
        <line num="185" type="method" name="getIsMasteredForItunes" visibility="public" complexity="1" crap="1" count="2"/>
        <line num="187" type="stmt" count="2"/>
        <line num="190" type="method" name="setIsMasteredForItunes" visibility="public" complexity="1" crap="1" count="23"/>
        <line num="192" type="stmt" count="23"/>
        <line num="194" type="stmt" count="23"/>
        <metrics loc="196" ncloc="183" classes="1" methods="23" coveredmethods="23" conditionals="0" coveredconditionals="0" statements="55" coveredstatements="55" elements="78" coveredelements="78"/>
      </file>
      <file name="/Users/andy/Sites/GitHub/Apple-Music-API/src/Model/AlbumRelationship.php">
        <class name="AppleMusic\Model\AlbumRelationship" namespace="AppleMusic\Model" fullPackage="AppleMusic" package="AppleMusic">
          <metrics complexity="0" methods="0" coveredmethods="0" conditionals="0" coveredconditionals="0" statements="0" coveredstatements="0" elements="0" coveredelements="0"/>
        </class>
        <metrics loc="13" ncloc="9" classes="0" methods="0" coveredmethods="0" conditionals="0" coveredconditionals="0" statements="0" coveredstatements="0" elements="0" coveredelements="0"/>
      </file>
      <file name="/Users/andy/Sites/GitHub/Apple-Music-API/src/Model/AlbumResponse.php">
        <class name="AppleMusic\Model\AlbumResponse" namespace="AppleMusic\Model" fullPackage="AppleMusic" package="AppleMusic">
          <metrics complexity="0" methods="0" coveredmethods="0" conditionals="0" coveredconditionals="0" statements="0" coveredstatements="0" elements="0" coveredelements="0"/>
        </class>
        <metrics loc="13" ncloc="9" classes="0" methods="0" coveredmethods="0" conditionals="0" coveredconditionals="0" statements="0" coveredstatements="0" elements="0" coveredelements="0"/>
      </file>
      <file name="/Users/andy/Sites/GitHub/Apple-Music-API/src/Model/AlbumTrait.php">
        <class name="AlbumTrait" namespace="AppleMusic\Model" fullPackage="AppleMusic" package="AppleMusic">
          <metrics complexity="16" methods="12" coveredmethods="12" conditionals="0" coveredconditionals="0" statements="18" coveredstatements="18" elements="30" coveredelements="30"/>
        </class>
        <line num="20" type="method" name="getArtistName" visibility="public" complexity="1" crap="1" count="4"/>
        <line num="22" type="stmt" count="4"/>
        <line num="25" type="method" name="setArtistName" visibility="public" complexity="1" crap="1" count="33"/>
        <line num="27" type="stmt" count="33"/>
        <line num="29" type="stmt" count="33"/>
        <line num="32" type="method" name="getArtwork" visibility="public" complexity="2" crap="2" count="4"/>
        <line num="34" type="stmt" count="4"/>
        <line num="40" type="method" name="setArtwork" visibility="public" complexity="2" crap="2" count="33"/>
        <line num="42" type="stmt" count="33"/>
        <line num="44" type="stmt" count="33"/>
        <line num="47" type="method" name="getContentRating" visibility="public" complexity="1" crap="1" count="4"/>
        <line num="49" type="stmt" count="4"/>
        <line num="52" type="method" name="setContentRating" visibility="public" complexity="1" crap="1" count="33"/>
        <line num="54" type="stmt" count="33"/>
        <line num="56" type="stmt" count="33"/>
        <line num="59" type="method" name="getName" visibility="public" complexity="1" crap="1" count="2"/>
        <line num="61" type="stmt" count="2"/>
        <line num="64" type="method" name="setName" visibility="public" complexity="1" crap="1" count="10"/>
        <line num="66" type="stmt" count="10"/>
        <line num="68" type="stmt" count="10"/>
        <line num="71" type="method" name="getPlayParams" visibility="public" complexity="2" crap="2" count="4"/>
        <line num="73" type="stmt" count="4"/>
        <line num="79" type="method" name="setPlayParams" visibility="public" complexity="2" crap="2" count="33"/>
        <line num="81" type="stmt" count="33"/>
        <line num="83" type="stmt" count="33"/>
        <line num="86" type="method" name="getTrackCount" visibility="public" complexity="1" crap="1" count="4"/>
        <line num="88" type="stmt" count="4"/>
        <line num="91" type="method" name="setTrackCount" visibility="public" complexity="1" crap="1" count="33"/>
        <line num="93" type="stmt" count="33"/>
        <line num="95" type="stmt" count="33"/>
        <metrics loc="97" ncloc="87" classes="1" methods="12" coveredmethods="12" conditionals="0" coveredconditionals="0" statements="18" coveredstatements="18" elements="30" coveredelements="30"/>
      </file>
      <file name="/Users/andy/Sites/GitHub/Apple-Music-API/src/Model/AppleCurator.php">
        <class name="AppleMusic\Model\AppleCurator" namespace="AppleMusic\Model" fullPackage="AppleMusic" package="AppleMusic">
          <metrics complexity="1" methods="1" coveredmethods="1" conditionals="0" coveredconditionals="0" statements="9" coveredstatements="9" elements="10" coveredelements="10"/>
        </class>
        <line num="17" type="method" name="__construct" visibility="public" complexity="1" crap="1" count="6"/>
        <line num="20" type="stmt" count="6"/>
        <line num="21" type="stmt" count="6"/>
        <line num="22" type="stmt" count="6"/>
        <line num="23" type="stmt" count="6"/>
        <line num="24" type="stmt" count="6"/>
        <line num="25" type="stmt" count="6"/>
        <line num="26" type="stmt" count="6"/>
        <line num="27" type="stmt" count="6"/>
        <line num="28" type="stmt" count="6"/>
        <metrics loc="29" ncloc="25" classes="1" methods="1" coveredmethods="1" conditionals="0" coveredconditionals="0" statements="9" coveredstatements="9" elements="10" coveredelements="10"/>
      </file>
      <file name="/Users/andy/Sites/GitHub/Apple-Music-API/src/Model/AppleCuratorResponse.php">
        <class name="AppleMusic\Model\AppleCuratorResponse" namespace="AppleMusic\Model" fullPackage="AppleMusic" package="AppleMusic">
          <metrics complexity="0" methods="0" coveredmethods="0" conditionals="0" coveredconditionals="0" statements="0" coveredstatements="0" elements="0" coveredelements="0"/>
        </class>
        <metrics loc="13" ncloc="9" classes="0" methods="0" coveredmethods="0" conditionals="0" coveredconditionals="0" statements="0" coveredstatements="0" elements="0" coveredelements="0"/>
      </file>
      <file name="/Users/andy/Sites/GitHub/Apple-Music-API/src/Model/Artist.php">
        <class name="AppleMusic\Model\Artist" namespace="AppleMusic\Model" fullPackage="AppleMusic" package="AppleMusic">
          <metrics complexity="10" methods="8" coveredmethods="8" conditionals="0" coveredconditionals="0" statements="18" coveredstatements="18" elements="26" coveredelements="26"/>
        </class>
        <line num="21" type="method" name="__construct" visibility="public" complexity="1" crap="1" count="7"/>
        <line num="24" type="stmt" count="7"/>
        <line num="25" type="stmt" count="7"/>
        <line num="26" type="stmt" count="7"/>
        <line num="27" type="stmt" count="7"/>
        <line num="28" type="stmt" count="7"/>
        <line num="29" type="stmt" count="7"/>
        <line num="30" type="stmt" count="7"/>
        <line num="31" type="stmt" count="7"/>
        <line num="36" type="method" name="getEditorialNotes" visibility="public" complexity="2" crap="2" count="2"/>
        <line num="38" type="stmt" count="2"/>
        <line num="44" type="method" name="setEditorialNotes" visibility="public" complexity="2" crap="2" count="7"/>
        <line num="46" type="stmt" count="7"/>
        <line num="48" type="stmt" count="7"/>
        <line num="51" type="method" name="getGenreNames" visibility="public" complexity="1" crap="1" count="2"/>
        <line num="53" type="stmt" count="2"/>
        <line num="56" type="method" name="setGenreNames" visibility="public" complexity="1" crap="1" count="7"/>
        <line num="58" type="stmt" count="7"/>
        <line num="60" type="stmt" count="7"/>
        <line num="63" type="method" name="getUrl" visibility="public" complexity="1" crap="1" count="2"/>
        <line num="65" type="stmt" count="2"/>
        <line num="68" type="method" name="setUrl" visibility="public" complexity="1" crap="1" count="7"/>
        <line num="70" type="stmt" count="7"/>
        <line num="72" type="stmt" count="7"/>
        <line num="78" type="method" name="__toString" visibility="public" complexity="1" crap="1" count="1"/>
        <line num="80" type="stmt" count="1"/>
        <metrics loc="82" ncloc="69" classes="1" methods="8" coveredmethods="8" conditionals="0" coveredconditionals="0" statements="18" coveredstatements="18" elements="26" coveredelements="26"/>
      </file>
      <file name="/Users/andy/Sites/GitHub/Apple-Music-API/src/Model/ArtistRelationship.php">
        <class name="AppleMusic\Model\ArtistRelationship" namespace="AppleMusic\Model" fullPackage="AppleMusic" package="AppleMusic">
          <metrics complexity="0" methods="0" coveredmethods="0" conditionals="0" coveredconditionals="0" statements="0" coveredstatements="0" elements="0" coveredelements="0"/>
        </class>
        <metrics loc="13" ncloc="9" classes="0" methods="0" coveredmethods="0" conditionals="0" coveredconditionals="0" statements="0" coveredstatements="0" elements="0" coveredelements="0"/>
      </file>
      <file name="/Users/andy/Sites/GitHub/Apple-Music-API/src/Model/ArtistResponse.php">
        <class name="AppleMusic\Model\ArtistResponse" namespace="AppleMusic\Model" fullPackage="AppleMusic" package="AppleMusic">
          <metrics complexity="0" methods="0" coveredmethods="0" conditionals="0" coveredconditionals="0" statements="0" coveredstatements="0" elements="0" coveredelements="0"/>
        </class>
        <metrics loc="13" ncloc="9" classes="0" methods="0" coveredmethods="0" conditionals="0" coveredconditionals="0" statements="0" coveredstatements="0" elements="0" coveredelements="0"/>
      </file>
      <file name="/Users/andy/Sites/GitHub/Apple-Music-API/src/Model/ArtistTrait.php">
        <class name="ArtistTrait" namespace="AppleMusic\Model" fullPackage="AppleMusic" package="AppleMusic">
          <metrics complexity="2" methods="2" coveredmethods="2" conditionals="0" coveredconditionals="0" statements="3" coveredstatements="3" elements="5" coveredelements="5"/>
        </class>
        <line num="15" type="method" name="getName" visibility="public" complexity="1" crap="1" count="4"/>
        <line num="17" type="stmt" count="4"/>
        <line num="20" type="method" name="setName" visibility="public" complexity="1" crap="1" count="5"/>
        <line num="22" type="stmt" count="5"/>
        <line num="24" type="stmt" count="5"/>
        <metrics loc="26" ncloc="22" classes="1" methods="2" coveredmethods="2" conditionals="0" coveredconditionals="0" statements="3" coveredstatements="3" elements="5" coveredelements="5"/>
      </file>
      <file name="/Users/andy/Sites/GitHub/Apple-Music-API/src/Model/Artwork.php">
        <class name="AppleMusic\Model\Artwork" namespace="AppleMusic\Model" fullPackage="AppleMusic" package="AppleMusic">
          <metrics complexity="17" methods="17" coveredmethods="17" conditionals="0" coveredconditionals="0" statements="33" coveredstatements="33" elements="50" coveredelements="50"/>
        </class>
        <line num="22" type="method" name="__construct" visibility="public" complexity="1" crap="1" count="15"/>
        <line num="25" type="stmt" count="15"/>
        <line num="26" type="stmt" count="15"/>
        <line num="27" type="stmt" count="15"/>
        <line num="28" type="stmt" count="15"/>
        <line num="29" type="stmt" count="15"/>
        <line num="30" type="stmt" count="15"/>
        <line num="31" type="stmt" count="15"/>
        <line num="32" type="stmt" count="15"/>
        <line num="33" type="stmt" count="15"/>
        <line num="35" type="method" name="getBgColor" visibility="public" complexity="1" crap="1" count="2"/>
        <line num="37" type="stmt" count="2"/>
        <line num="40" type="method" name="setBgColor" visibility="public" complexity="1" crap="1" count="15"/>
        <line num="42" type="stmt" count="15"/>
        <line num="44" type="stmt" count="15"/>
        <line num="47" type="method" name="getHeight" visibility="public" complexity="1" crap="1" count="2"/>
        <line num="49" type="stmt" count="2"/>
        <line num="52" type="method" name="setHeight" visibility="public" complexity="1" crap="1" count="15"/>
        <line num="54" type="stmt" count="15"/>
        <line num="56" type="stmt" count="15"/>
        <line num="59" type="method" name="getWidth" visibility="public" complexity="1" crap="1" count="2"/>
        <line num="61" type="stmt" count="2"/>
        <line num="64" type="method" name="setWidth" visibility="public" complexity="1" crap="1" count="15"/>
        <line num="66" type="stmt" count="15"/>
        <line num="68" type="stmt" count="15"/>
        <line num="71" type="method" name="getTextColor1" visibility="public" complexity="1" crap="1" count="2"/>
        <line num="73" type="stmt" count="2"/>
        <line num="76" type="method" name="setTextColor1" visibility="public" complexity="1" crap="1" count="15"/>
        <line num="78" type="stmt" count="15"/>
        <line num="80" type="stmt" count="15"/>
        <line num="83" type="method" name="getTextColor2" visibility="public" complexity="1" crap="1" count="2"/>
        <line num="85" type="stmt" count="2"/>
        <line num="88" type="method" name="setTextColor2" visibility="public" complexity="1" crap="1" count="15"/>
        <line num="90" type="stmt" count="15"/>
        <line num="92" type="stmt" count="15"/>
        <line num="95" type="method" name="getTextColor3" visibility="public" complexity="1" crap="1" count="2"/>
        <line num="97" type="stmt" count="2"/>
        <line num="100" type="method" name="setTextColor3" visibility="public" complexity="1" crap="1" count="15"/>
        <line num="102" type="stmt" count="15"/>
        <line num="104" type="stmt" count="15"/>
        <line num="107" type="method" name="getTextColor4" visibility="public" complexity="1" crap="1" count="2"/>
        <line num="109" type="stmt" count="2"/>
        <line num="112" type="method" name="setTextColor4" visibility="public" complexity="1" crap="1" count="15"/>
        <line num="114" type="stmt" count="15"/>
        <line num="116" type="stmt" count="15"/>
        <line num="119" type="method" name="getUrl" visibility="public" complexity="1" crap="1" count="2"/>
        <line num="121" type="stmt" count="2"/>
        <line num="124" type="method" name="setUrl" visibility="public" complexity="1" crap="1" count="15"/>
        <line num="126" type="stmt" count="15"/>
        <line num="128" type="stmt" count="15"/>
        <metrics loc="130" ncloc="126" classes="1" methods="17" coveredmethods="17" conditionals="0" coveredconditionals="0" statements="33" coveredstatements="33" elements="50" coveredelements="50"/>
      </file>
      <file name="/Users/andy/Sites/GitHub/Apple-Music-API/src/Model/Chart.php">
        <class name="AppleMusic\Model\Chart" namespace="AppleMusic\Model" fullPackage="AppleMusic" package="AppleMusic">
          <metrics complexity="11" methods="11" coveredmethods="11" conditionals="0" coveredconditionals="0" statements="21" coveredstatements="21" elements="32" coveredelements="32"/>
        </class>
        <line num="19" type="method" name="__construct" visibility="public" complexity="1" crap="1" count="9"/>
        <line num="22" type="stmt" count="9"/>
        <line num="23" type="stmt" count="9"/>
        <line num="24" type="stmt" count="9"/>
        <line num="25" type="stmt" count="9"/>
        <line num="26" type="stmt" count="9"/>
        <line num="27" type="stmt" count="9"/>
        <line num="29" type="method" name="getChart" visibility="public" complexity="1" crap="1" count="2"/>
        <line num="31" type="stmt" count="2"/>
        <line num="34" type="method" name="setChart" visibility="public" complexity="1" crap="1" count="9"/>
        <line num="36" type="stmt" count="9"/>
        <line num="38" type="stmt" count="9"/>
        <line num="41" type="method" name="getData" visibility="public" complexity="1" crap="1" count="2"/>
        <line num="43" type="stmt" count="2"/>
        <line num="46" type="method" name="setData" visibility="public" complexity="1" crap="1" count="9"/>
        <line num="48" type="stmt" count="9"/>
        <line num="50" type="stmt" count="9"/>
        <line num="53" type="method" name="getHref" visibility="public" complexity="1" crap="1" count="2"/>
        <line num="55" type="stmt" count="2"/>
        <line num="58" type="method" name="setHref" visibility="public" complexity="1" crap="1" count="9"/>
        <line num="60" type="stmt" count="9"/>
        <line num="62" type="stmt" count="9"/>
        <line num="65" type="method" name="getName" visibility="public" complexity="1" crap="1" count="2"/>
        <line num="67" type="stmt" count="2"/>
        <line num="70" type="method" name="setName" visibility="public" complexity="1" crap="1" count="9"/>
        <line num="72" type="stmt" count="9"/>
        <line num="74" type="stmt" count="9"/>
        <line num="77" type="method" name="getNext" visibility="public" complexity="1" crap="1" count="2"/>
        <line num="79" type="stmt" count="2"/>
        <line num="86" type="method" name="setNext" visibility="public" complexity="1" crap="1" count="9"/>
        <line num="88" type="stmt" count="9"/>
        <line num="90" type="stmt" count="9"/>
        <metrics loc="92" ncloc="84" classes="1" methods="11" coveredmethods="11" conditionals="0" coveredconditionals="0" statements="21" coveredstatements="21" elements="32" coveredelements="32"/>
      </file>
      <file name="/Users/andy/Sites/GitHub/Apple-Music-API/src/Model/ChartResponse.php">
        <class name="AppleMusic\Model\ChartResponse" namespace="AppleMusic\Model" fullPackage="AppleMusic" package="AppleMusic">
          <metrics complexity="13" methods="7" coveredmethods="7" conditionals="0" coveredconditionals="0" statements="13" coveredstatements="13" elements="20" coveredelements="20"/>
        </class>
        <line num="17" type="method" name="__construct" visibility="public" complexity="1" crap="1" count="4"/>
        <line num="20" type="stmt" count="4"/>
        <line num="21" type="stmt" count="4"/>
        <line num="22" type="stmt" count="4"/>
        <line num="23" type="stmt" count="4"/>
        <line num="28" type="method" name="getAlbums" visibility="public" complexity="2" crap="2" count="2"/>
        <line num="30" type="stmt" count="2"/>
        <line num="36" type="method" name="setAlbums" visibility="public" complexity="2" crap="2" count="4"/>
        <line num="38" type="stmt" count="4"/>
        <line num="40" type="stmt" count="4"/>
        <line num="46" type="method" name="getMusicVideos" visibility="public" complexity="2" crap="2" count="2"/>
        <line num="48" type="stmt" count="2"/>
        <line num="54" type="method" name="setMusicVideos" visibility="public" complexity="2" crap="2" count="4"/>
        <line num="56" type="stmt" count="4"/>
        <line num="58" type="stmt" count="4"/>
        <line num="64" type="method" name="getSongs" visibility="public" complexity="2" crap="2" count="2"/>
        <line num="66" type="stmt" count="2"/>
        <line num="72" type="method" name="setSongs" visibility="public" complexity="2" crap="2" count="4"/>
        <line num="74" type="stmt" count="4"/>
        <line num="76" type="stmt" count="4"/>
        <metrics loc="78" ncloc="56" classes="1" methods="7" coveredmethods="7" conditionals="0" coveredconditionals="0" statements="13" coveredstatements="13" elements="20" coveredelements="20"/>
      </file>
      <file name="/Users/andy/Sites/GitHub/Apple-Music-API/src/Model/Curator.php">
        <class name="AppleMusic\Model\Curator" namespace="AppleMusic\Model" fullPackage="AppleMusic" package="AppleMusic">
          <metrics complexity="1" methods="1" coveredmethods="1" conditionals="0" coveredconditionals="0" statements="9" coveredstatements="9" elements="10" coveredelements="10"/>
        </class>
        <line num="17" type="method" name="__construct" visibility="public" complexity="1" crap="1" count="2"/>
        <line num="20" type="stmt" count="2"/>
        <line num="21" type="stmt" count="2"/>
        <line num="22" type="stmt" count="2"/>
        <line num="23" type="stmt" count="2"/>
        <line num="24" type="stmt" count="2"/>
        <line num="25" type="stmt" count="2"/>
        <line num="26" type="stmt" count="2"/>
        <line num="27" type="stmt" count="2"/>
        <line num="28" type="stmt" count="2"/>
        <metrics loc="29" ncloc="25" classes="1" methods="1" coveredmethods="1" conditionals="0" coveredconditionals="0" statements="9" coveredstatements="9" elements="10" coveredelements="10"/>
      </file>
      <file name="/Users/andy/Sites/GitHub/Apple-Music-API/src/Model/CuratorRelationship.php">
        <class name="AppleMusic\Model\CuratorRelationship" namespace="AppleMusic\Model" fullPackage="AppleMusic" package="AppleMusic">
          <metrics complexity="0" methods="0" coveredmethods="0" conditionals="0" coveredconditionals="0" statements="0" coveredstatements="0" elements="0" coveredelements="0"/>
        </class>
        <metrics loc="13" ncloc="9" classes="0" methods="0" coveredmethods="0" conditionals="0" coveredconditionals="0" statements="0" coveredstatements="0" elements="0" coveredelements="0"/>
      </file>
      <file name="/Users/andy/Sites/GitHub/Apple-Music-API/src/Model/CuratorResponse.php">
        <class name="AppleMusic\Model\CuratorResponse" namespace="AppleMusic\Model" fullPackage="AppleMusic" package="AppleMusic">
          <metrics complexity="0" methods="0" coveredmethods="0" conditionals="0" coveredconditionals="0" statements="0" coveredstatements="0" elements="0" coveredelements="0"/>
        </class>
        <metrics loc="13" ncloc="9" classes="0" methods="0" coveredmethods="0" conditionals="0" coveredconditionals="0" statements="0" coveredstatements="0" elements="0" coveredelements="0"/>
      </file>
      <file name="/Users/andy/Sites/GitHub/Apple-Music-API/src/Model/CuratorTrait.php">
        <class name="CuratorTrait" namespace="AppleMusic\Model" fullPackage="AppleMusic" package="AppleMusic">
          <metrics complexity="12" methods="8" coveredmethods="8" conditionals="0" coveredconditionals="0" statements="12" coveredstatements="12" elements="20" coveredelements="20"/>
        </class>
        <line num="18" type="method" name="getArtwork" visibility="public" complexity="2" crap="2" count="3"/>
        <line num="20" type="stmt" count="3"/>
        <line num="26" type="method" name="setArtwork" visibility="public" complexity="2" crap="2" count="8"/>
        <line num="28" type="stmt" count="8"/>
        <line num="30" type="stmt" count="8"/>
        <line num="36" type="method" name="getEditorialNotes" visibility="public" complexity="2" crap="2" count="3"/>
        <line num="38" type="stmt" count="3"/>
        <line num="44" type="method" name="setEditorialNotes" visibility="public" complexity="2" crap="2" count="8"/>
        <line num="46" type="stmt" count="8"/>
        <line num="48" type="stmt" count="8"/>
        <line num="51" type="method" name="getName" visibility="public" complexity="1" crap="1" count="3"/>
        <line num="53" type="stmt" count="3"/>
        <line num="56" type="method" name="setName" visibility="public" complexity="1" crap="1" count="8"/>
        <line num="58" type="stmt" count="8"/>
        <line num="60" type="stmt" count="8"/>
        <line num="63" type="method" name="getUrl" visibility="public" complexity="1" crap="1" count="3"/>
        <line num="65" type="stmt" count="3"/>
        <line num="68" type="method" name="setUrl" visibility="public" complexity="1" crap="1" count="8"/>
        <line num="70" type="stmt" count="8"/>
        <line num="72" type="stmt" count="8"/>
        <metrics loc="74" ncloc="61" classes="1" methods="8" coveredmethods="8" conditionals="0" coveredconditionals="0" statements="12" coveredstatements="12" elements="20" coveredelements="20"/>
      </file>
      <file name="/Users/andy/Sites/GitHub/Apple-Music-API/src/Model/EditorialNotes.php">
        <class name="AppleMusic\Model\EditorialNotes" namespace="AppleMusic\Model" fullPackage="AppleMusic" package="AppleMusic">
          <metrics complexity="5" methods="5" coveredmethods="5" conditionals="0" coveredconditionals="0" statements="9" coveredstatements="9" elements="14" coveredelements="14"/>
        </class>
        <line num="16" type="method" name="__construct" visibility="public" complexity="1" crap="1" count="10"/>
        <line num="19" type="stmt" count="10"/>
        <line num="20" type="stmt" count="10"/>
        <line num="21" type="stmt" count="10"/>
        <line num="23" type="method" name="getShort" visibility="public" complexity="1" crap="1" count="2"/>
        <line num="25" type="stmt" count="2"/>
        <line num="28" type="method" name="setShort" visibility="public" complexity="1" crap="1" count="10"/>
        <line num="30" type="stmt" count="10"/>
        <line num="32" type="stmt" count="10"/>
        <line num="35" type="method" name="getStandard" visibility="public" complexity="1" crap="1" count="2"/>
        <line num="37" type="stmt" count="2"/>
        <line num="40" type="method" name="setStandard" visibility="public" complexity="1" crap="1" count="10"/>
        <line num="42" type="stmt" count="10"/>
        <line num="44" type="stmt" count="10"/>
        <metrics loc="46" ncloc="42" classes="1" methods="5" coveredmethods="5" conditionals="0" coveredconditionals="0" statements="9" coveredstatements="9" elements="14" coveredelements="14"/>
      </file>
      <file name="/Users/andy/Sites/GitHub/Apple-Music-API/src/Model/Error.php">
        <class name="AppleMusic\Model\Error" namespace="AppleMusic\Model" fullPackage="AppleMusic" package="AppleMusic">
          <metrics complexity="15" methods="13" coveredmethods="13" conditionals="0" coveredconditionals="0" statements="25" coveredstatements="25" elements="38" coveredelements="38"/>
        </class>
        <line num="22" type="method" name="__construct" visibility="public" complexity="1" crap="1" count="8"/>
        <line num="25" type="stmt" count="8"/>
        <line num="26" type="stmt" count="8"/>
        <line num="27" type="stmt" count="8"/>
        <line num="28" type="stmt" count="8"/>
        <line num="29" type="stmt" count="8"/>
        <line num="30" type="stmt" count="8"/>
        <line num="31" type="stmt" count="8"/>
        <line num="33" type="method" name="getId" visibility="public" complexity="1" crap="1" count="2"/>
        <line num="35" type="stmt" count="2"/>
        <line num="38" type="method" name="setId" visibility="public" complexity="1" crap="1" count="8"/>
        <line num="40" type="stmt" count="8"/>
        <line num="42" type="stmt" count="8"/>
        <line num="45" type="method" name="getTitle" visibility="public" complexity="1" crap="1" count="2"/>
        <line num="47" type="stmt" count="2"/>
        <line num="50" type="method" name="setTitle" visibility="public" complexity="1" crap="1" count="8"/>
        <line num="52" type="stmt" count="8"/>
        <line num="54" type="stmt" count="8"/>
        <line num="57" type="method" name="getDetail" visibility="public" complexity="1" crap="1" count="2"/>
        <line num="59" type="stmt" count="2"/>
        <line num="62" type="method" name="setDetail" visibility="public" complexity="1" crap="1" count="8"/>
        <line num="64" type="stmt" count="8"/>
        <line num="66" type="stmt" count="8"/>
        <line num="69" type="method" name="getStatus" visibility="public" complexity="1" crap="1" count="2"/>
        <line num="71" type="stmt" count="2"/>
        <line num="74" type="method" name="setStatus" visibility="public" complexity="1" crap="1" count="8"/>
        <line num="76" type="stmt" count="8"/>
        <line num="78" type="stmt" count="8"/>
        <line num="81" type="method" name="getCode" visibility="public" complexity="1" crap="1" count="2"/>
        <line num="83" type="stmt" count="2"/>
        <line num="86" type="method" name="setCode" visibility="public" complexity="1" crap="1" count="8"/>
        <line num="88" type="stmt" count="8"/>
        <line num="90" type="stmt" count="8"/>
        <line num="96" type="method" name="getSource" visibility="public" complexity="2" crap="2" count="2"/>
        <line num="98" type="stmt" count="2"/>
        <line num="104" type="method" name="setSource" visibility="public" complexity="2" crap="2" count="8"/>
        <line num="106" type="stmt" count="8"/>
        <line num="108" type="stmt" count="8"/>
        <metrics loc="110" ncloc="100" classes="1" methods="13" coveredmethods="13" conditionals="0" coveredconditionals="0" statements="25" coveredstatements="25" elements="38" coveredelements="38"/>
      </file>
      <file name="/Users/andy/Sites/GitHub/Apple-Music-API/src/Model/Genre.php">
        <class name="AppleMusic\Model\Genre" namespace="AppleMusic\Model" fullPackage="AppleMusic" package="AppleMusic">
          <metrics complexity="3" methods="3" coveredmethods="3" conditionals="0" coveredconditionals="0" statements="9" coveredstatements="9" elements="12" coveredelements="12"/>
        </class>
        <line num="17" type="method" name="__construct" visibility="public" complexity="1" crap="1" count="2"/>
        <line num="20" type="stmt" count="2"/>
        <line num="21" type="stmt" count="2"/>
        <line num="22" type="stmt" count="2"/>
        <line num="23" type="stmt" count="2"/>
        <line num="24" type="stmt" count="2"/>
        <line num="25" type="stmt" count="2"/>
        <line num="27" type="method" name="getName" visibility="public" complexity="1" crap="1" count="2"/>
        <line num="29" type="stmt" count="2"/>
        <line num="32" type="method" name="setName" visibility="public" complexity="1" crap="1" count="2"/>
        <line num="34" type="stmt" count="2"/>
        <line num="36" type="stmt" count="2"/>
        <metrics loc="38" ncloc="34" classes="1" methods="3" coveredmethods="3" conditionals="0" coveredconditionals="0" statements="9" coveredstatements="9" elements="12" coveredelements="12"/>
      </file>
      <file name="/Users/andy/Sites/GitHub/Apple-Music-API/src/Model/GenreRelationship.php">
        <class name="AppleMusic\Model\GenreRelationship" namespace="AppleMusic\Model" fullPackage="AppleMusic" package="AppleMusic">
          <metrics complexity="0" methods="0" coveredmethods="0" conditionals="0" coveredconditionals="0" statements="0" coveredstatements="0" elements="0" coveredelements="0"/>
        </class>
        <metrics loc="13" ncloc="9" classes="0" methods="0" coveredmethods="0" conditionals="0" coveredconditionals="0" statements="0" coveredstatements="0" elements="0" coveredelements="0"/>
      </file>
      <file name="/Users/andy/Sites/GitHub/Apple-Music-API/src/Model/GenreResponse.php">
        <class name="AppleMusic\Model\GenreResponse" namespace="AppleMusic\Model" fullPackage="AppleMusic" package="AppleMusic">
          <metrics complexity="0" methods="0" coveredmethods="0" conditionals="0" coveredconditionals="0" statements="0" coveredstatements="0" elements="0" coveredelements="0"/>
        </class>
        <metrics loc="13" ncloc="9" classes="0" methods="0" coveredmethods="0" conditionals="0" coveredconditionals="0" statements="0" coveredstatements="0" elements="0" coveredelements="0"/>
      </file>
      <file name="/Users/andy/Sites/GitHub/Apple-Music-API/src/Model/HistoryResponse.php">
        <class name="AppleMusic\Model\HistoryResponse" namespace="AppleMusic\Model" fullPackage="AppleMusic" package="AppleMusic">
          <metrics complexity="0" methods="0" coveredmethods="0" conditionals="0" coveredconditionals="0" statements="0" coveredstatements="0" elements="0" coveredelements="0"/>
        </class>
        <metrics loc="13" ncloc="9" classes="0" methods="0" coveredmethods="0" conditionals="0" coveredconditionals="0" statements="0" coveredstatements="0" elements="0" coveredelements="0"/>
      </file>
      <file name="/Users/andy/Sites/GitHub/Apple-Music-API/src/Model/LibraryAlbum.php">
        <class name="AppleMusic\Model\LibraryAlbum" namespace="AppleMusic\Model" fullPackage="AppleMusic" package="AppleMusic">
          <metrics complexity="1" methods="1" coveredmethods="1" conditionals="0" coveredconditionals="0" statements="11" coveredstatements="11" elements="12" coveredelements="12"/>
        </class>
        <line num="24" type="method" name="__construct" visibility="public" complexity="1" crap="1" count="10"/>
        <line num="27" type="stmt" count="10"/>
        <line num="28" type="stmt" count="10"/>
        <line num="29" type="stmt" count="10"/>
        <line num="30" type="stmt" count="10"/>
        <line num="31" type="stmt" count="10"/>
        <line num="32" type="stmt" count="10"/>
        <line num="33" type="stmt" count="10"/>
        <line num="34" type="stmt" count="10"/>
        <line num="35" type="stmt" count="10"/>
        <line num="36" type="stmt" count="10"/>
        <line num="37" type="stmt" count="10"/>
        <metrics loc="38" ncloc="34" classes="1" methods="1" coveredmethods="1" conditionals="0" coveredconditionals="0" statements="11" coveredstatements="11" elements="12" coveredelements="12"/>
      </file>
      <file name="/Users/andy/Sites/GitHub/Apple-Music-API/src/Model/LibraryAlbumRelationship.php">
        <class name="AppleMusic\Model\LibraryAlbumRelationship" namespace="AppleMusic\Model" fullPackage="AppleMusic" package="AppleMusic">
          <metrics complexity="0" methods="0" coveredmethods="0" conditionals="0" coveredconditionals="0" statements="0" coveredstatements="0" elements="0" coveredelements="0"/>
        </class>
        <metrics loc="13" ncloc="9" classes="0" methods="0" coveredmethods="0" conditionals="0" coveredconditionals="0" statements="0" coveredstatements="0" elements="0" coveredelements="0"/>
      </file>
      <file name="/Users/andy/Sites/GitHub/Apple-Music-API/src/Model/LibraryAlbumResponse.php">
        <class name="AppleMusic\Model\LibraryAlbumResponse" namespace="AppleMusic\Model" fullPackage="AppleMusic" package="AppleMusic">
          <metrics complexity="0" methods="0" coveredmethods="0" conditionals="0" coveredconditionals="0" statements="0" coveredstatements="0" elements="0" coveredelements="0"/>
        </class>
        <metrics loc="13" ncloc="9" classes="0" methods="0" coveredmethods="0" conditionals="0" coveredconditionals="0" statements="0" coveredstatements="0" elements="0" coveredelements="0"/>
      </file>
      <file name="/Users/andy/Sites/GitHub/Apple-Music-API/src/Model/LibraryArtist.php">
        <class name="AppleMusic\Model\LibraryArtist" namespace="AppleMusic\Model" fullPackage="AppleMusic" package="AppleMusic">
          <metrics complexity="1" methods="1" coveredmethods="1" conditionals="0" coveredconditionals="0" statements="6" coveredstatements="6" elements="7" coveredelements="7"/>
        </class>
        <line num="17" type="method" name="__construct" visibility="public" complexity="1" crap="1" count="3"/>
        <line num="20" type="stmt" count="3"/>
        <line num="21" type="stmt" count="3"/>
        <line num="22" type="stmt" count="3"/>
        <line num="23" type="stmt" count="3"/>
        <line num="24" type="stmt" count="3"/>
        <line num="25" type="stmt" count="3"/>
        <metrics loc="26" ncloc="22" classes="1" methods="1" coveredmethods="1" conditionals="0" coveredconditionals="0" statements="6" coveredstatements="6" elements="7" coveredelements="7"/>
      </file>
      <file name="/Users/andy/Sites/GitHub/Apple-Music-API/src/Model/LibraryArtistRelationship.php">
        <class name="AppleMusic\Model\LibraryArtistRelationship" namespace="AppleMusic\Model" fullPackage="AppleMusic" package="AppleMusic">
          <metrics complexity="0" methods="0" coveredmethods="0" conditionals="0" coveredconditionals="0" statements="0" coveredstatements="0" elements="0" coveredelements="0"/>
        </class>
        <metrics loc="13" ncloc="9" classes="0" methods="0" coveredmethods="0" conditionals="0" coveredconditionals="0" statements="0" coveredstatements="0" elements="0" coveredelements="0"/>
      </file>
      <file name="/Users/andy/Sites/GitHub/Apple-Music-API/src/Model/LibraryArtistResponse.php">
        <class name="AppleMusic\Model\LibraryArtistResponse" namespace="AppleMusic\Model" fullPackage="AppleMusic" package="AppleMusic">
          <metrics complexity="0" methods="0" coveredmethods="0" conditionals="0" coveredconditionals="0" statements="0" coveredstatements="0" elements="0" coveredelements="0"/>
        </class>
        <metrics loc="13" ncloc="9" classes="0" methods="0" coveredmethods="0" conditionals="0" coveredconditionals="0" statements="0" coveredstatements="0" elements="0" coveredelements="0"/>
      </file>
      <file name="/Users/andy/Sites/GitHub/Apple-Music-API/src/Model/LibraryMusicVideo.php">
        <class name="AppleMusic\Model\LibraryMusicVideo" namespace="AppleMusic\Model" fullPackage="AppleMusic" package="AppleMusic">
          <metrics complexity="1" methods="1" coveredmethods="1" conditionals="0" coveredconditionals="0" statements="12" coveredstatements="12" elements="13" coveredelements="13"/>
        </class>
        <line num="17" type="method" name="__construct" visibility="public" complexity="1" crap="1" count="3"/>
        <line num="20" type="stmt" count="3"/>
        <line num="21" type="stmt" count="3"/>
        <line num="22" type="stmt" count="3"/>
        <line num="23" type="stmt" count="3"/>
        <line num="24" type="stmt" count="3"/>
        <line num="25" type="stmt" count="3"/>
        <line num="26" type="stmt" count="3"/>
        <line num="27" type="stmt" count="3"/>
        <line num="28" type="stmt" count="3"/>
        <line num="29" type="stmt" count="3"/>
        <line num="30" type="stmt" count="3"/>
        <line num="31" type="stmt" count="3"/>
        <metrics loc="32" ncloc="28" classes="1" methods="1" coveredmethods="1" conditionals="0" coveredconditionals="0" statements="12" coveredstatements="12" elements="13" coveredelements="13"/>
      </file>
      <file name="/Users/andy/Sites/GitHub/Apple-Music-API/src/Model/LibraryMusicVideoResponse.php">
        <class name="AppleMusic\Model\LibraryMusicVideoResponse" namespace="AppleMusic\Model" fullPackage="AppleMusic" package="AppleMusic">
          <metrics complexity="0" methods="0" coveredmethods="0" conditionals="0" coveredconditionals="0" statements="0" coveredstatements="0" elements="0" coveredelements="0"/>
        </class>
        <metrics loc="13" ncloc="9" classes="0" methods="0" coveredmethods="0" conditionals="0" coveredconditionals="0" statements="0" coveredstatements="0" elements="0" coveredelements="0"/>
      </file>
      <file name="/Users/andy/Sites/GitHub/Apple-Music-API/src/Model/LibraryPlaylist.php">
        <class name="AppleMusic\Model\LibraryPlaylist" namespace="AppleMusic\Model" fullPackage="AppleMusic" package="AppleMusic">
          <metrics complexity="3" methods="3" coveredmethods="3" conditionals="0" coveredconditionals="0" statements="9" coveredstatements="9" elements="12" coveredelements="12"/>
        </class>
        <line num="19" type="method" name="__construct" visibility="public" complexity="1" crap="1" count="3"/>
        <line num="22" type="stmt" count="3"/>
        <line num="23" type="stmt" count="3"/>
        <line num="24" type="stmt" count="3"/>
        <line num="25" type="stmt" count="3"/>
        <line num="26" type="stmt" count="3"/>
        <line num="27" type="stmt" count="3"/>
        <line num="29" type="method" name="getCanEdit" visibility="public" complexity="1" crap="1" count="2"/>
        <line num="31" type="stmt" count="2"/>
        <line num="34" type="method" name="setCanEdit" visibility="public" complexity="1" crap="1" count="3"/>
        <line num="36" type="stmt" count="3"/>
        <line num="38" type="stmt" count="3"/>
        <metrics loc="40" ncloc="36" classes="1" methods="3" coveredmethods="3" conditionals="0" coveredconditionals="0" statements="9" coveredstatements="9" elements="12" coveredelements="12"/>
      </file>
      <file name="/Users/andy/Sites/GitHub/Apple-Music-API/src/Model/LibraryPlaylistResponse.php">
        <class name="AppleMusic\Model\LibraryPlaylistResponse" namespace="AppleMusic\Model" fullPackage="AppleMusic" package="AppleMusic">
          <metrics complexity="0" methods="0" coveredmethods="0" conditionals="0" coveredconditionals="0" statements="0" coveredstatements="0" elements="0" coveredelements="0"/>
        </class>
        <metrics loc="13" ncloc="9" classes="0" methods="0" coveredmethods="0" conditionals="0" coveredconditionals="0" statements="0" coveredstatements="0" elements="0" coveredelements="0"/>
      </file>
      <file name="/Users/andy/Sites/GitHub/Apple-Music-API/src/Model/LibrarySearchResponse.php">
        <class name="AppleMusic\Model\LibrarySearchResponse" namespace="AppleMusic\Model" fullPackage="AppleMusic" package="AppleMusic">
          <metrics complexity="0" methods="0" coveredmethods="0" conditionals="0" coveredconditionals="0" statements="0" coveredstatements="0" elements="0" coveredelements="0"/>
        </class>
        <metrics loc="13" ncloc="9" classes="0" methods="0" coveredmethods="0" conditionals="0" coveredconditionals="0" statements="0" coveredstatements="0" elements="0" coveredelements="0"/>
      </file>
      <file name="/Users/andy/Sites/GitHub/Apple-Music-API/src/Model/LibrarySearchResults.php">
        <class name="AppleMusic\Model\LibrarySearchResults" namespace="AppleMusic\Model" fullPackage="AppleMusic" package="AppleMusic">
          <metrics complexity="11" methods="11" coveredmethods="11" conditionals="0" coveredconditionals="0" statements="21" coveredstatements="21" elements="32" coveredelements="32"/>
        </class>
        <line num="19" type="method" name="__construct" visibility="public" complexity="1" crap="1" count="6"/>
        <line num="22" type="stmt" count="6"/>
        <line num="23" type="stmt" count="6"/>
        <line num="24" type="stmt" count="6"/>
        <line num="25" type="stmt" count="6"/>
        <line num="26" type="stmt" count="6"/>
        <line num="27" type="stmt" count="6"/>
        <line num="29" type="method" name="getLibraryAlbums" visibility="public" complexity="1" crap="1" count="1"/>
        <line num="31" type="stmt" count="1"/>
        <line num="34" type="method" name="setLibraryAlbums" visibility="public" complexity="1" crap="1" count="6"/>
        <line num="36" type="stmt" count="6"/>
        <line num="38" type="stmt" count="6"/>
        <line num="41" type="method" name="getLibraryArtists" visibility="public" complexity="1" crap="1" count="1"/>
        <line num="43" type="stmt" count="1"/>
        <line num="46" type="method" name="setLibraryArtists" visibility="public" complexity="1" crap="1" count="6"/>
        <line num="48" type="stmt" count="6"/>
        <line num="50" type="stmt" count="6"/>
        <line num="53" type="method" name="getLibraryMusicVideos" visibility="public" complexity="1" crap="1" count="1"/>
        <line num="55" type="stmt" count="1"/>
        <line num="58" type="method" name="setLibraryMusicVideos" visibility="public" complexity="1" crap="1" count="6"/>
        <line num="60" type="stmt" count="6"/>
        <line num="62" type="stmt" count="6"/>
        <line num="65" type="method" name="getLibraryPlaylists" visibility="public" complexity="1" crap="1" count="1"/>
        <line num="67" type="stmt" count="1"/>
        <line num="70" type="method" name="setLibraryPlaylists" visibility="public" complexity="1" crap="1" count="6"/>
        <line num="72" type="stmt" count="6"/>
        <line num="74" type="stmt" count="6"/>
        <line num="77" type="method" name="getLibrarySongs" visibility="public" complexity="1" crap="1" count="1"/>
        <line num="79" type="stmt" count="1"/>
        <line num="82" type="method" name="setLibrarySongs" visibility="public" complexity="1" crap="1" count="6"/>
        <line num="84" type="stmt" count="6"/>
        <line num="86" type="stmt" count="6"/>
        <metrics loc="88" ncloc="84" classes="1" methods="11" coveredmethods="11" conditionals="0" coveredconditionals="0" statements="21" coveredstatements="21" elements="32" coveredelements="32"/>
      </file>
      <file name="/Users/andy/Sites/GitHub/Apple-Music-API/src/Model/LibrarySong.php">
        <class name="AppleMusic\Model\LibrarySong" namespace="AppleMusic\Model" fullPackage="AppleMusic" package="AppleMusic">
          <metrics complexity="1" methods="1" coveredmethods="1" conditionals="0" coveredconditionals="0" statements="14" coveredstatements="14" elements="15" coveredelements="15"/>
        </class>
        <line num="17" type="method" name="__construct" visibility="public" complexity="1" crap="1" count="3"/>
        <line num="20" type="stmt" count="3"/>
        <line num="21" type="stmt" count="3"/>
        <line num="22" type="stmt" count="3"/>
        <line num="23" type="stmt" count="3"/>
        <line num="24" type="stmt" count="3"/>
        <line num="25" type="stmt" count="3"/>
        <line num="26" type="stmt" count="3"/>
        <line num="27" type="stmt" count="3"/>
        <line num="28" type="stmt" count="3"/>
        <line num="29" type="stmt" count="3"/>
        <line num="30" type="stmt" count="3"/>
        <line num="31" type="stmt" count="3"/>
        <line num="32" type="stmt" count="3"/>
        <line num="33" type="stmt" count="3"/>
        <metrics loc="34" ncloc="30" classes="1" methods="1" coveredmethods="1" conditionals="0" coveredconditionals="0" statements="14" coveredstatements="14" elements="15" coveredelements="15"/>
      </file>
      <file name="/Users/andy/Sites/GitHub/Apple-Music-API/src/Model/LibrarySongResponse.php">
        <class name="AppleMusic\Model\LibrarySongResponse" namespace="AppleMusic\Model" fullPackage="AppleMusic" package="AppleMusic">
          <metrics complexity="0" methods="0" coveredmethods="0" conditionals="0" coveredconditionals="0" statements="0" coveredstatements="0" elements="0" coveredelements="0"/>
        </class>
        <metrics loc="13" ncloc="9" classes="0" methods="0" coveredmethods="0" conditionals="0" coveredconditionals="0" statements="0" coveredstatements="0" elements="0" coveredelements="0"/>
      </file>
      <file name="/Users/andy/Sites/GitHub/Apple-Music-API/src/Model/LibraryTrackRelationship.php">
        <class name="AppleMusic\Model\LibraryTrackRelationship" namespace="AppleMusic\Model" fullPackage="AppleMusic" package="AppleMusic">
          <metrics complexity="0" methods="0" coveredmethods="0" conditionals="0" coveredconditionals="0" statements="0" coveredstatements="0" elements="0" coveredelements="0"/>
        </class>
        <metrics loc="13" ncloc="9" classes="0" methods="0" coveredmethods="0" conditionals="0" coveredconditionals="0" statements="0" coveredstatements="0" elements="0" coveredelements="0"/>
      </file>
      <file name="/Users/andy/Sites/GitHub/Apple-Music-API/src/Model/MusicVideo.php">
        <class name="AppleMusic\Model\MusicVideo" namespace="AppleMusic\Model" fullPackage="AppleMusic" package="AppleMusic">
          <metrics complexity="23" methods="19" coveredmethods="19" conditionals="0" coveredconditionals="0" statements="49" coveredstatements="49" elements="68" coveredelements="68"/>
        </class>
        <line num="29" type="method" name="__construct" visibility="public" complexity="1" crap="1" count="11"/>
        <line num="32" type="stmt" count="11"/>
        <line num="33" type="stmt" count="11"/>
        <line num="34" type="stmt" count="11"/>
        <line num="35" type="stmt" count="11"/>
        <line num="36" type="stmt" count="11"/>
        <line num="37" type="stmt" count="11"/>
        <line num="38" type="stmt" count="11"/>
        <line num="39" type="stmt" count="11"/>
        <line num="40" type="stmt" count="11"/>
        <line num="41" type="stmt" count="11"/>
        <line num="42" type="stmt" count="11"/>
        <line num="43" type="stmt" count="11"/>
        <line num="44" type="stmt" count="11"/>
        <line num="45" type="stmt" count="11"/>
        <line num="46" type="stmt" count="11"/>
        <line num="47" type="stmt" count="11"/>
        <line num="48" type="stmt" count="11"/>
        <line num="49" type="stmt" count="11"/>
        <line num="50" type="stmt" count="11"/>
        <line num="51" type="stmt" count="11"/>
        <line num="52" type="stmt" count="11"/>
        <line num="53" type="stmt" count="11"/>
        <line num="58" type="method" name="getEditorialNotes" visibility="public" complexity="2" crap="2" count="2"/>
        <line num="60" type="stmt" count="2"/>
        <line num="66" type="method" name="setEditorialNotes" visibility="public" complexity="2" crap="2" count="11"/>
        <line num="68" type="stmt" count="11"/>
        <line num="70" type="stmt" count="11"/>
        <line num="73" type="method" name="getGenreNames" visibility="public" complexity="1" crap="1" count="2"/>
        <line num="75" type="stmt" count="2"/>
        <line num="78" type="method" name="setGenreNames" visibility="public" complexity="1" crap="1" count="11"/>
        <line num="80" type="stmt" count="11"/>
        <line num="82" type="stmt" count="11"/>
        <line num="85" type="method" name="getIsrc" visibility="public" complexity="1" crap="1" count="2"/>
        <line num="87" type="stmt" count="2"/>
        <line num="90" type="method" name="setIsrc" visibility="public" complexity="1" crap="1" count="11"/>
        <line num="92" type="stmt" count="11"/>
        <line num="94" type="stmt" count="11"/>
        <line num="97" type="method" name="getPreviews" visibility="public" complexity="1" crap="1" count="2"/>
        <line num="99" type="stmt" count="2"/>
        <line num="102" type="method" name="setPreviews" visibility="public" complexity="1" crap="1" count="11"/>
        <line num="104" type="stmt" count="11"/>
        <line num="106" type="stmt" count="11"/>
        <line num="112" type="method" name="getReleaseDate" visibility="public" complexity="2" crap="2" count="2"/>
        <line num="114" type="stmt" count="2"/>
        <line num="120" type="method" name="setReleaseDate" visibility="public" complexity="2" crap="2" count="11"/>
        <line num="122" type="stmt" count="11"/>
        <line num="124" type="stmt" count="11"/>
        <line num="127" type="method" name="getUrl" visibility="public" complexity="1" crap="1" count="2"/>
        <line num="129" type="stmt" count="2"/>
        <line num="132" type="method" name="setUrl" visibility="public" complexity="1" crap="1" count="11"/>
        <line num="134" type="stmt" count="11"/>
        <line num="136" type="stmt" count="11"/>
        <line num="139" type="method" name="getVideoSubType" visibility="public" complexity="1" crap="1" count="2"/>
        <line num="141" type="stmt" count="2"/>
[...]
        <line num="151" type="stmt" count="2"/>
        <line num="154" type="method" name="setPreviews" visibility="public" complexity="1" crap="1" count="13"/>
        <line num="156" type="stmt" count="13"/>
        <line num="158" type="stmt" count="13"/>
        <line num="164" type="method" name="getReleaseDate" visibility="public" complexity="2" crap="2" count="2"/>
        <line num="166" type="stmt" count="2"/>
        <line num="172" type="method" name="setReleaseDate" visibility="public" complexity="2" crap="2" count="13"/>
        <line num="174" type="stmt" count="13"/>
        <line num="176" type="stmt" count="13"/>
        <line num="179" type="method" name="getUrl" visibility="public" complexity="1" crap="1" count="2"/>
        <line num="181" type="stmt" count="2"/>
        <line num="184" type="method" name="setUrl" visibility="public" complexity="1" crap="1" count="13"/>
        <line num="186" type="stmt" count="13"/>
        <line num="188" type="stmt" count="13"/>
        <line num="191" type="method" name="getWorkName" visibility="public" complexity="1" crap="1" count="3"/>
        <line num="193" type="stmt" count="3"/>
        <line num="196" type="method" name="setWorkName" visibility="public" complexity="1" crap="1" count="13"/>
        <line num="198" type="stmt" count="13"/>
        <line num="200" type="stmt" count="13"/>
        <metrics loc="202" ncloc="186" classes="1" methods="23" coveredmethods="23" conditionals="0" coveredconditionals="0" statements="57" coveredstatements="57" elements="80" coveredelements="80"/>
      </file>
      <file name="/Users/andy/Sites/GitHub/Apple-Music-API/src/Model/SongResponse.php">
        <class name="AppleMusic\Model\SongResponse" namespace="AppleMusic\Model" fullPackage="AppleMusic" package="AppleMusic">
          <metrics complexity="0" methods="0" coveredmethods="0" conditionals="0" coveredconditionals="0" statements="0" coveredstatements="0" elements="0" coveredelements="0"/>
        </class>
        <metrics loc="13" ncloc="9" classes="0" methods="0" coveredmethods="0" conditionals="0" coveredconditionals="0" statements="0" coveredstatements="0" elements="0" coveredelements="0"/>
      </file>
      <file name="/Users/andy/Sites/GitHub/Apple-Music-API/src/Model/SongTrait.php">
        <class name="SongTrait" namespace="AppleMusic\Model" fullPackage="AppleMusic" package="AppleMusic">
          <metrics complexity="22" methods="18" coveredmethods="18" conditionals="0" coveredconditionals="0" statements="27" coveredstatements="27" elements="45" coveredelements="45"/>
        </class>
        <line num="26" type="method" name="getAlbumName" visibility="public" complexity="1" crap="1" count="2"/>
        <line num="28" type="stmt" count="2"/>
        <line num="31" type="method" name="setAlbumName" visibility="public" complexity="1" crap="1" count="16"/>
        <line num="33" type="stmt" count="16"/>
        <line num="35" type="stmt" count="16"/>
        <line num="38" type="method" name="getArtistName" visibility="public" complexity="1" crap="1" count="2"/>
        <line num="40" type="stmt" count="2"/>
        <line num="46" type="method" name="setArtistName" visibility="public" complexity="1" crap="1" count="16"/>
        <line num="48" type="stmt" count="16"/>
        <line num="50" type="stmt" count="16"/>
        <line num="56" type="method" name="getArtwork" visibility="public" complexity="2" crap="2" count="2"/>
        <line num="58" type="stmt" count="2"/>
        <line num="64" type="method" name="setArtwork" visibility="public" complexity="2" crap="2" count="16"/>
        <line num="66" type="stmt" count="16"/>
        <line num="68" type="stmt" count="16"/>
        <line num="71" type="method" name="getContentRating" visibility="public" complexity="1" crap="1" count="2"/>
        <line num="73" type="stmt" count="2"/>
        <line num="76" type="method" name="setContentRating" visibility="public" complexity="1" crap="1" count="16"/>
        <line num="78" type="stmt" count="16"/>
        <line num="80" type="stmt" count="16"/>
        <line num="83" type="method" name="getDiscNumber" visibility="public" complexity="1" crap="1" count="2"/>
        <line num="85" type="stmt" count="2"/>
        <line num="88" type="method" name="setDiscNumber" visibility="public" complexity="1" crap="1" count="16"/>
        <line num="90" type="stmt" count="16"/>
        <line num="92" type="stmt" count="16"/>
        <line num="95" type="method" name="getDurationInMillis" visibility="public" complexity="1" crap="1" count="2"/>
        <line num="97" type="stmt" count="2"/>
        <line num="100" type="method" name="setDurationInMillis" visibility="public" complexity="1" crap="1" count="16"/>
        <line num="102" type="stmt" count="16"/>
        <line num="104" type="stmt" count="16"/>
        <line num="107" type="method" name="getName" visibility="public" complexity="1" crap="1" count="2"/>
        <line num="109" type="stmt" count="2"/>
        <line num="112" type="method" name="setName" visibility="public" complexity="1" crap="1" count="16"/>
        <line num="114" type="stmt" count="16"/>
        <line num="116" type="stmt" count="16"/>
        <line num="122" type="method" name="getPlayParams" visibility="public" complexity="2" crap="2" count="2"/>
        <line num="124" type="stmt" count="2"/>
        <line num="130" type="method" name="setPlayParams" visibility="public" complexity="2" crap="2" count="16"/>
        <line num="132" type="stmt" count="16"/>
        <line num="134" type="stmt" count="16"/>
        <line num="137" type="method" name="getTrackNumber" visibility="public" complexity="1" crap="1" count="2"/>
        <line num="139" type="stmt" count="2"/>
        <line num="142" type="method" name="setTrackNumber" visibility="public" complexity="1" crap="1" count="16"/>
        <line num="144" type="stmt" count="16"/>
        <line num="146" type="stmt" count="16"/>
        <metrics loc="148" ncloc="126" classes="1" methods="18" coveredmethods="18" conditionals="0" coveredconditionals="0" statements="27" coveredstatements="27" elements="45" coveredelements="45"/>
      </file>
      <file name="/Users/andy/Sites/GitHub/Apple-Music-API/src/Model/Station.php">
        <class name="AppleMusic\Model\Station" namespace="AppleMusic\Model" fullPackage="AppleMusic" package="AppleMusic">
          <metrics complexity="19" methods="15" coveredmethods="15" conditionals="0" coveredconditionals="0" statements="33" coveredstatements="33" elements="48" coveredelements="48"/>
        </class>
        <line num="23" type="method" name="__construct" visibility="public" complexity="1" crap="1" count="9"/>
        <line num="26" type="stmt" count="9"/>
        <line num="27" type="stmt" count="9"/>
        <line num="28" type="stmt" count="9"/>
        <line num="29" type="stmt" count="9"/>
        <line num="30" type="stmt" count="9"/>
        <line num="31" type="stmt" count="9"/>
        <line num="32" type="stmt" count="9"/>
        <line num="33" type="stmt" count="9"/>
        <line num="34" type="stmt" count="9"/>
        <line num="35" type="stmt" count="9"/>
        <line num="36" type="stmt" count="9"/>
        <line num="37" type="stmt" count="9"/>
        <line num="42" type="method" name="getArtwork" visibility="public" complexity="2" crap="2" count="2"/>
        <line num="44" type="stmt" count="2"/>
        <line num="50" type="method" name="setArtwork" visibility="public" complexity="2" crap="2" count="9"/>
        <line num="52" type="stmt" count="9"/>
        <line num="54" type="stmt" count="9"/>
        <line num="57" type="method" name="getDurationInMillis" visibility="public" complexity="1" crap="1" count="2"/>
        <line num="59" type="stmt" count="2"/>
        <line num="62" type="method" name="setDurationInMillis" visibility="public" complexity="1" crap="1" count="9"/>
        <line num="64" type="stmt" count="9"/>
        <line num="66" type="stmt" count="9"/>
        <line num="72" type="method" name="getEditorialNotes" visibility="public" complexity="2" crap="2" count="2"/>
        <line num="74" type="stmt" count="2"/>
        <line num="80" type="method" name="setEditorialNotes" visibility="public" complexity="2" crap="2" count="9"/>
        <line num="82" type="stmt" count="9"/>
        <line num="84" type="stmt" count="9"/>
        <line num="87" type="method" name="getEpisodeNumber" visibility="public" complexity="1" crap="1" count="2"/>
        <line num="89" type="stmt" count="2"/>
        <line num="92" type="method" name="setEpisodeNumber" visibility="public" complexity="1" crap="1" count="9"/>
        <line num="94" type="stmt" count="9"/>
        <line num="96" type="stmt" count="9"/>
        <line num="99" type="method" name="getIsLive" visibility="public" complexity="1" crap="1" count="2"/>
        <line num="101" type="stmt" count="2"/>
        <line num="104" type="method" name="setIsLive" visibility="public" complexity="1" crap="1" count="9"/>
        <line num="106" type="stmt" count="9"/>
        <line num="108" type="stmt" count="9"/>
        <line num="111" type="method" name="getName" visibility="public" complexity="1" crap="1" count="2"/>
        <line num="113" type="stmt" count="2"/>
        <line num="116" type="method" name="setName" visibility="public" complexity="1" crap="1" count="9"/>
        <line num="118" type="stmt" count="9"/>
        <line num="120" type="stmt" count="9"/>
        <line num="123" type="method" name="getUrl" visibility="public" complexity="1" crap="1" count="2"/>
        <line num="125" type="stmt" count="2"/>
        <line num="128" type="method" name="setUrl" visibility="public" complexity="1" crap="1" count="9"/>
        <line num="130" type="stmt" count="9"/>
        <line num="132" type="stmt" count="9"/>
        <metrics loc="134" ncloc="118" classes="1" methods="15" coveredmethods="15" conditionals="0" coveredconditionals="0" statements="33" coveredstatements="33" elements="48" coveredelements="48"/>
      </file>
      <file name="/Users/andy/Sites/GitHub/Apple-Music-API/src/Model/StationRelationship.php">
        <class name="AppleMusic\Model\StationRelationship" namespace="AppleMusic\Model" fullPackage="AppleMusic" package="AppleMusic">
          <metrics complexity="0" methods="0" coveredmethods="0" conditionals="0" coveredconditionals="0" statements="0" coveredstatements="0" elements="0" coveredelements="0"/>
        </class>
        <metrics loc="13" ncloc="9" classes="0" methods="0" coveredmethods="0" conditionals="0" coveredconditionals="0" statements="0" coveredstatements="0" elements="0" coveredelements="0"/>
      </file>
      <file name="/Users/andy/Sites/GitHub/Apple-Music-API/src/Model/StationResponse.php">
        <class name="AppleMusic\Model\StationResponse" namespace="AppleMusic\Model" fullPackage="AppleMusic" package="AppleMusic">
          <metrics complexity="0" methods="0" coveredmethods="0" conditionals="0" coveredconditionals="0" statements="0" coveredstatements="0" elements="0" coveredelements="0"/>
        </class>
        <metrics loc="13" ncloc="9" classes="0" methods="0" coveredmethods="0" conditionals="0" coveredconditionals="0" statements="0" coveredstatements="0" elements="0" coveredelements="0"/>
      </file>
      <file name="/Users/andy/Sites/GitHub/Apple-Music-API/src/Model/Storefront.php">
        <class name="AppleMusic\Model\Storefront" namespace="AppleMusic\Model" fullPackage="AppleMusic" package="AppleMusic">
          <metrics complexity="9" methods="9" coveredmethods="9" conditionals="0" coveredconditionals="0" statements="21" coveredstatements="21" elements="30" coveredelements="30"/>
        </class>
        <line num="20" type="method" name="__construct" visibility="public" complexity="1" crap="1" count="6"/>
        <line num="23" type="stmt" count="6"/>
        <line num="24" type="stmt" count="6"/>
        <line num="25" type="stmt" count="6"/>
        <line num="26" type="stmt" count="6"/>
        <line num="27" type="stmt" count="6"/>
        <line num="28" type="stmt" count="6"/>
        <line num="29" type="stmt" count="6"/>
        <line num="30" type="stmt" count="6"/>
        <line num="31" type="stmt" count="6"/>
        <line num="33" type="method" name="getDefaultLanguageTag" visibility="public" complexity="1" crap="1" count="2"/>
        <line num="35" type="stmt" count="2"/>
        <line num="38" type="method" name="setDefaultLanguageTag" visibility="public" complexity="1" crap="1" count="6"/>
        <line num="40" type="stmt" count="6"/>
        <line num="42" type="stmt" count="6"/>
        <line num="45" type="method" name="getSupportedLanguageTags" visibility="public" complexity="1" crap="1" count="2"/>
        <line num="47" type="stmt" count="2"/>
        <line num="50" type="method" name="setSupportedLanguageTags" visibility="public" complexity="1" crap="1" count="6"/>
        <line num="52" type="stmt" count="6"/>
        <line num="54" type="stmt" count="6"/>
        <line num="57" type="method" name="getExplicitContentPolicy" visibility="public" complexity="1" crap="1" count="2"/>
        <line num="59" type="stmt" count="2"/>
        <line num="62" type="method" name="setExplicitContentPolicy" visibility="public" complexity="1" crap="1" count="6"/>
        <line num="64" type="stmt" count="6"/>
        <line num="66" type="stmt" count="6"/>
        <line num="69" type="method" name="getName" visibility="public" complexity="1" crap="1" count="2"/>
        <line num="71" type="stmt" count="2"/>
        <line num="74" type="method" name="setName" visibility="public" complexity="1" crap="1" count="6"/>
        <line num="76" type="stmt" count="6"/>
        <line num="78" type="stmt" count="6"/>
        <metrics loc="80" ncloc="76" classes="1" methods="9" coveredmethods="9" conditionals="0" coveredconditionals="0" statements="21" coveredstatements="21" elements="30" coveredelements="30"/>
      </file>
      <file name="/Users/andy/Sites/GitHub/Apple-Music-API/src/Model/StorefrontResponse.php">
        <class name="AppleMusic\Model\StorefrontResponse" namespace="AppleMusic\Model" fullPackage="AppleMusic" package="AppleMusic">
          <metrics complexity="0" methods="0" coveredmethods="0" conditionals="0" coveredconditionals="0" statements="0" coveredstatements="0" elements="0" coveredelements="0"/>
        </class>
        <metrics loc="13" ncloc="9" classes="0" methods="0" coveredmethods="0" conditionals="0" coveredconditionals="0" statements="0" coveredstatements="0" elements="0" coveredelements="0"/>
      </file>
      <file name="/Users/andy/Sites/GitHub/Apple-Music-API/src/Model/TrackRelationship.php">
        <class name="AppleMusic\Model\TrackRelationship" namespace="AppleMusic\Model" fullPackage="AppleMusic" package="AppleMusic">
          <metrics complexity="0" methods="0" coveredmethods="0" conditionals="0" coveredconditionals="0" statements="0" coveredstatements="0" elements="0" coveredelements="0"/>
        </class>
        <metrics loc="13" ncloc="9" classes="0" methods="0" coveredmethods="0" conditionals="0" coveredconditionals="0" statements="0" coveredstatements="0" elements="0" coveredelements="0"/>
      </file>
    </package>
    <package name="AppleMusic\Model\Error">
      <file name="/Users/andy/Sites/GitHub/Apple-Music-API/src/Model/Error/Source.php">
        <class name="AppleMusic\Model\Error\Source" namespace="AppleMusic\Model\Error" fullPackage="AppleMusic" package="AppleMusic">
          <metrics complexity="5" methods="5" coveredmethods="5" conditionals="0" coveredconditionals="0" statements="9" coveredstatements="9" elements="14" coveredelements="14"/>
        </class>
        <line num="16" type="method" name="__construct" visibility="public" complexity="1" crap="1" count="3"/>
        <line num="19" type="stmt" count="3"/>
        <line num="20" type="stmt" count="3"/>
        <line num="21" type="stmt" count="3"/>
        <line num="23" type="method" name="getParameter" visibility="public" complexity="1" crap="1" count="1"/>
        <line num="25" type="stmt" count="1"/>
        <line num="28" type="method" name="setParameter" visibility="public" complexity="1" crap="1" count="3"/>
        <line num="30" type="stmt" count="3"/>
        <line num="32" type="stmt" count="3"/>
        <line num="35" type="method" name="getPointer" visibility="public" complexity="1" crap="1" count="1"/>
        <line num="37" type="stmt" count="1"/>
        <line num="40" type="method" name="setPointer" visibility="public" complexity="1" crap="1" count="3"/>
        <line num="42" type="stmt" count="3"/>
        <line num="44" type="stmt" count="3"/>
        <metrics loc="46" ncloc="42" classes="1" methods="5" coveredmethods="5" conditionals="0" coveredconditionals="0" statements="9" coveredstatements="9" elements="14" coveredelements="14"/>
      </file>
    </package>
    <package name="AppleMusic\Utils">
      <file name="/Users/andy/Sites/GitHub/Apple-Music-API/src/Utils/CommandTrait.php">
        <class name="CommandTrait" namespace="AppleMusic\Utils">
          <metrics complexity="1" methods="1" coveredmethods="0" conditionals="0" coveredconditionals="0" statements="3" coveredstatements="0" elements="4" coveredelements="0"/>
        </class>
        <line num="14" type="method" name="__construct" visibility="public" complexity="1" crap="2.00" count="0"/>
        <line num="16" type="stmt" count="0"/>
        <line num="18" type="stmt" count="0"/>
        <line num="19" type="stmt" count="0"/>
        <metrics loc="20" ncloc="17" classes="1" methods="1" coveredmethods="0" conditionals="0" coveredconditionals="0" statements="3" coveredstatements="0" elements="4" coveredelements="0"/>
      </file>
      <file name="/Users/andy/Sites/GitHub/Apple-Music-API/src/Utils/KeyService.php">
        <class name="AppleMusic\Utils\KeyService" namespace="AppleMusic\Utils">
          <metrics complexity="7" methods="6" coveredmethods="0" conditionals="0" coveredconditionals="0" statements="12" coveredstatements="0" elements="18" coveredelements="0"/>
        </class>
        <line num="18" type="method" name="__construct" visibility="public" complexity="1" crap="2.00" count="0"/>
        <line num="20" type="stmt" count="0"/>
        <line num="21" type="stmt" count="0"/>
        <line num="22" type="stmt" count="0"/>
        <line num="23" type="stmt" count="0"/>
        <line num="24" type="stmt" count="0"/>
        <line num="29" type="method" name="getUserToken" visibility="public" complexity="1" crap="2.00" count="0"/>
        <line num="31" type="stmt" count="0"/>
        <line num="34" type="method" name="getPrivateKeyFilePath" visibility="public" complexity="1" crap="2.00" count="0"/>
        <line num="36" type="stmt" count="0"/>
        <line num="42" type="method" name="getKeyID" visibility="public" complexity="1" crap="2.00" count="0"/>
        <line num="44" type="stmt" count="0"/>
        <line num="50" type="method" name="getTeamID" visibility="public" complexity="1" crap="2.00" count="0"/>
        <line num="52" type="stmt" count="0"/>
        <line num="60" type="method" name="getFileContents" visibility="private" complexity="2" crap="6.00" count="0"/>
        <line num="62" type="stmt" count="0"/>
        <line num="63" type="stmt" count="0"/>
        <line num="65" type="stmt" count="0"/>
        <metrics loc="68" ncloc="48" classes="1" methods="6" coveredmethods="0" conditionals="0" coveredconditionals="0" statements="12" coveredstatements="0" elements="18" coveredelements="0"/>
      </file>
    </package>
    <metrics files="100" loc="4320" ncloc="3626" classes="50" methods="382" coveredmethods="341" conditionals="0" coveredconditionals="0" statements="865" coveredstatements="746" elements="1247" coveredelements="1087"/>
  </project>
</coverage>
